23:41:03:595 [31] INFO  testCases.TC_AccountRegistrationTest - Providing customer details........
23:41:15:307 [32] INFO  testCases.TC002_LoginTest - *******Starting TC002_LoginTest********
23:43:36:589 [1] INFO  org.testng.internal.Utils - [TestNG] Running:
  C:\Users\MOHANED_GABIR\OneDrive - MMU\Desktop\Automation Project\01-2025 workspace eclips\Advprog assignment\crossbrowsertesting.xml

23:43:40:390 [31] INFO  testCases.TC_AccountRegistrationTest - *******Starting TC_AccountRegistrationTest********
23:43:40:537 [31] INFO  testCases.TC_AccountRegistrationTest - clicked on my account link........
23:43:41:138 [31] INFO  testCases.TC_AccountRegistrationTest - clicked on the regester from the drop down......
23:43:41:142 [31] INFO  testCases.TC_AccountRegistrationTest - Providing customer details........
23:43:43:613 [31] INFO  testCases.TC_AccountRegistrationTest - validating expected message...
23:43:43:655 [31] INFO  testCases.TC_AccountRegistrationTest - *******Finishing the TC_AccountRegistrationTest********
23:45:21:631 [1] INFO  org.testng.internal.Utils - [TestNG] Running:
  C:\Users\MOHANED_GABIR\OneDrive - MMU\Desktop\Automation Project\01-2025 workspace eclips\Advprog assignment\crossbrowsertesting.xml

23:45:26:768 [31] INFO  testCases.TC_AccountRegistrationTest - *******Starting TC_AccountRegistrationTest********
23:45:26:768 [32] INFO  testCases.TC002_LoginTest - *******Starting TC002_LoginTest********
23:45:27:001 [31] INFO  testCases.TC_AccountRegistrationTest - clicked on my account link........
23:47:03:149 [1] INFO  org.testng.internal.Utils - [TestNG] Running:
  C:\Users\MOHANED_GABIR\OneDrive - MMU\Desktop\Automation Project\01-2025 workspace eclips\Advprog assignment\test-output\testng-failed.xml

23:47:07:798 [31] INFO  testCases.TC002_LoginTest - *******Starting TC002_LoginTest********
23:47:07:798 [32] INFO  testCases.TC_AccountRegistrationTest - *******Starting TC_AccountRegistrationTest********
23:47:08:130 [32] INFO  testCases.TC_AccountRegistrationTest - clicked on my account link........
23:48:59:645 [1] INFO  org.testng.internal.Utils - [TestNG] Running:
  C:\Users\MOHANED_GABIR\OneDrive - MMU\Desktop\Automation Project\01-2025 workspace eclips\Advprog assignment\master.xml

23:49:03:433 [1] INFO  testCases.TC_AccountRegistrationTest - *******Starting TC_AccountRegistrationTest********
23:49:03:574 [1] INFO  testCases.TC_AccountRegistrationTest - clicked on my account link........
23:49:04:146 [1] INFO  testCases.TC_AccountRegistrationTest - clicked on the regester from the drop down......
23:49:04:148 [1] INFO  testCases.TC_AccountRegistrationTest - Providing customer details........
23:49:06:611 [1] INFO  testCases.TC_AccountRegistrationTest - validating expected message...
23:49:06:665 [1] INFO  testCases.TC_AccountRegistrationTest - *******Finishing the TC_AccountRegistrationTest********
23:49:09:944 [1] INFO  testCases.TC002_LoginTest - *******Starting TC002_LoginTest********
23:49:11:308 [1] INFO  testCases.TC002_LoginTest - *******Finished TC002_LoginTest********
01:27:12:340 [1] INFO  testCases.TC_AccountRegistrationTest - *******Starting TC_AccountRegistrationTest********
01:27:12:613 [1] INFO  testCases.TC_AccountRegistrationTest - clicked on my account link........
01:27:13:164 [1] INFO  testCases.TC_AccountRegistrationTest - clicked on the regester from the drop down......
01:27:13:168 [1] INFO  testCases.TC_AccountRegistrationTest - Providing customer details........
01:27:15:436 [1] INFO  testCases.TC_AccountRegistrationTest - validating expected message...
01:27:15:474 [1] INFO  testCases.TC_AccountRegistrationTest - *******Finishing the TC_AccountRegistrationTest********
01:27:18:548 [1] INFO  testCases.TC002_LoginTest - *******Starting TC002_LoginTest********
01:27:19:992 [1] INFO  testCases.TC002_LoginTest - *******Finished TC002_LoginTest********
01:46:00:312 [1] INFO  testCases.TC_AccountRegistrationTest - *******Starting TC_AccountRegistrationTest********
01:46:00:563 [1] INFO  testCases.TC_AccountRegistrationTest - clicked on my account link........
01:46:01:157 [1] INFO  testCases.TC_AccountRegistrationTest - clicked on the regester from the drop down......
01:46:01:159 [1] INFO  testCases.TC_AccountRegistrationTest - Providing customer details........
01:46:03:590 [1] INFO  testCases.TC_AccountRegistrationTest - validating expected message...
01:46:03:636 [1] INFO  testCases.TC_AccountRegistrationTest - *******Finishing the TC_AccountRegistrationTest********
01:46:06:524 [1] INFO  testCases.TC002_LoginTest - *******Starting TC002_LoginTest********
01:46:08:238 [1] INFO  testCases.TC002_LoginTest - *******Finished TC002_LoginTest********
01:48:30:966 [1] INFO  testCases.TC_AccountRegistrationTest - *******Starting TC_AccountRegistrationTest********
01:48:31:234 [1] INFO  testCases.TC_AccountRegistrationTest - clicked on my account link........
01:48:31:791 [1] INFO  testCases.TC_AccountRegistrationTest - clicked on the regester from the drop down......
