16:51:42:399 [1] INFO  org.testng.internal.Utils - [TestNG] Running:
  C:\Users\MOHANED_GABIR\OneDrive - MMU\Desktop\Automation Project\01-2025 workspace eclips\Advprog assignment\master.xml

16:51:49:735 [1] INFO  testCases.TC_AccountRegistrationTest - *******Starting TC_AccountRegistrationTest********
16:51:49:925 [1] INFO  testCases.TC_AccountRegistrationTest - clicked on my account link........
16:51:50:626 [1] INFO  testCases.TC_AccountRegistrationTest - clicked on the regester from the drop down......
16:51:50:631 [1] INFO  testCases.TC_AccountRegistrationTest - Providing customer details........
16:51:53:857 [1] INFO  testCases.TC_AccountRegistrationTest - validating expected message...
16:51:53:938 [1] INFO  testCases.TC_AccountRegistrationTest - *******Finishing the TC_AccountRegistrationTest********
16:51:58:330 [1] INFO  testCases.TC002_LoginTest - *******Starting TC002_LoginTest********
16:52:00:405 [1] INFO  testCases.TC002_LoginTest - *******Finished TC002_LoginTest********
17:13:13:676 [1] INFO  org.testng.internal.Utils - [TestNG] Running:
  C:\Users\MOHANED_GABIR\OneDrive - MMU\Desktop\Automation Project\01-2025 workspace eclips\Advprog assignment\crossbrowsertesting.xml

17:13:19:134 [31] INFO  testCases.TC_AccountRegistrationTest - *******Starting TC_AccountRegistrationTest********
17:13:19:449 [31] INFO  testCases.TC_AccountRegistrationTest - clicked on my account link........
17:13:20:237 [31] INFO  testCases.TC_AccountRegistrationTest - clicked on the regester from the drop down......
17:13:20:240 [31] INFO  testCases.TC_AccountRegistrationTest - Providing customer details........
17:13:30:882 [32] INFO  testCases.TC_AccountRegistrationTest - *******Starting TC_AccountRegistrationTest********
17:13:31:222 [32] INFO  testCases.TC_AccountRegistrationTest - clicked on my account link........
17:15:50:737 [1] INFO  org.testng.internal.Utils - [TestNG] Running:
  C:\Users\MOHANED_GABIR\OneDrive - MMU\Desktop\Automation Project\01-2025 workspace eclips\Advprog assignment\crossbrowsertesting.xml

17:15:54:501 [31] INFO  testCases.TC_AccountRegistrationTest - *******Starting TC_AccountRegistrationTest********
17:15:56:002 [32] INFO  testCases.TC002_LoginTest - *******Starting TC002_LoginTest********
17:15:56:078 [31] INFO  testCases.TC_AccountRegistrationTest - clicked on my account link........
17:18:32:897 [1] INFO  org.testng.internal.Utils - [TestNG] Running:
  C:\Users\MOHANED_GABIR\OneDrive - MMU\Desktop\Automation Project\01-2025 workspace eclips\Advprog assignment\crossbrowsertesting.xml

17:18:37:890 [32] INFO  testCases.TC002_LoginTest - *******Starting TC002_LoginTest********
17:18:37:890 [31] INFO  testCases.TC_AccountRegistrationTest - *******Starting TC_AccountRegistrationTest********
17:18:38:132 [31] INFO  testCases.TC_AccountRegistrationTest - clicked on my account link........
17:21:26:971 [1] INFO  org.testng.internal.Utils - [TestNG] Running:
  C:\Users\MOHANED_GABIR\OneDrive - MMU\Desktop\Automation Project\01-2025 workspace eclips\Advprog assignment\master.xml

17:21:31:472 [1] INFO  testCases.TC003_LoginDDT - *******Starting TC003_LoginDDT********
17:21:34:516 [1] INFO  testCases.TC003_LoginDDT - *******Finished TC003_LoginDDT********
17:21:34:525 [1] INFO  testCases.TC003_LoginDDT - *******Starting TC003_LoginDDT********
17:21:46:170 [1] INFO  testCases.TC003_LoginDDT - *******Finished TC003_LoginDDT********
17:21:46:174 [1] INFO  testCases.TC003_LoginDDT - *******Starting TC003_LoginDDT********
17:21:58:295 [1] INFO  testCases.TC003_LoginDDT - *******Finished TC003_LoginDDT********
17:21:58:299 [1] INFO  testCases.TC003_LoginDDT - *******Starting TC003_LoginDDT********
17:22:10:197 [1] INFO  testCases.TC003_LoginDDT - *******Finished TC003_LoginDDT********
17:22:10:199 [1] INFO  testCases.TC003_LoginDDT - *******Starting TC003_LoginDDT********
20:22:23:320 [1] INFO  org.testng.internal.Utils - [TestNG] Running:
  C:\Users\MOHANED_GABIR\OneDrive - MMU\Desktop\Automation Project\01-2025 workspace eclips\Advprog assignment\master.xml

20:22:28:094 [1] INFO  testCases.TC002_LoginTest - *******Starting TC002_LoginTest********
20:22:29:637 [1] INFO  testCases.TC002_LoginTest - *******Finished TC002_LoginTest********
21:06:00:946 [1] INFO  org.testng.internal.Utils - [TestNG] Running:
  C:\Users\MOHANED_GABIR\OneDrive - MMU\Desktop\Automation Project\01-2025 workspace eclips\Advprog assignment\master.xml

21:06:05:343 [1] INFO  testCases.TC003_LoginDDT - *******Starting TC003_LoginDDT********
21:06:08:353 [1] INFO  testCases.TC003_LoginDDT - *******Finished TC003_LoginDDT********
21:06:08:367 [1] INFO  testCases.TC003_LoginDDT - *******Starting TC003_LoginDDT********
21:06:20:431 [1] INFO  testCases.TC003_LoginDDT - *******Finished TC003_LoginDDT********
21:06:20:434 [1] INFO  testCases.TC003_LoginDDT - *******Starting TC003_LoginDDT********
21:06:32:807 [1] INFO  testCases.TC003_LoginDDT - *******Finished TC003_LoginDDT********
21:06:32:809 [1] INFO  testCases.TC003_LoginDDT - *******Starting TC003_LoginDDT********
